<?xml version="1.0" encoding="UTF-8"?>
<testng-results ignored="0" total="26" passed="26" failed="0" skipped="0">
  <reporter-output>
  </reporter-output>
  <suite started-at="2024-03-08T00:03:05 EST" name="Default suite" finished-at="2024-03-08T00:03:31 EST" duration-ms="25495">
    <groups>
      <group name="cucumber">
        <method signature="AbstractTestNGCucumberTests.runScenario(io.cucumber.testng.PickleWrapper,io.cucumber.testng.FeatureWrapper)[pri:0, instance:runner.Test_Runner@192d74fb]" name="runScenario" class="io.cucumber.testng.AbstractTestNGCucumberTests"/>
      </group> <!-- cucumber -->
    </groups>
    <test started-at="2024-03-08T00:03:05 EST" name="Default test" finished-at="2024-03-08T00:03:31 EST" duration-ms="25495">
      <class name="runner.Test_Runner">
        <test-method is-config="true" signature="setUpClass(org.testng.ITestContext)[pri:0, instance:runner.Test_Runner@192d74fb]" started-at="2024-03-08T00:03:05 EST" name="setUpClass" finished-at="2024-03-08T00:03:08 EST" duration-ms="2725" status="PASS">
          <params>
            <param index="0">
              <value>
                <![CDATA[org.testng.TestRunner@13e00016]]>
              </value>
            </param>
          </params>
          <reporter-output>
          </reporter-output>
        </test-method> <!-- setUpClass -->
        <test-method signature="runScenario(io.cucumber.testng.PickleWrapper,io.cucumber.testng.FeatureWrapper)[pri:0, instance:runner.Test_Runner@192d74fb]" started-at="2024-03-08T00:03:08 EST" name="runScenario" description="Runs Cucumber Scenarios" data-provider="scenarios" finished-at="2024-03-08T00:03:09 EST" duration-ms="895" status="PASS">
          <params>
            <param index="0">
              <value>
                <![CDATA["This test is to verify the GetStarted button"]]>
              </value>
            </param>
            <param index="1">
              <value>
                <![CDATA["Getting started to DS_Algo Portal"]]>
              </value>
            </param>
          </params>
          <reporter-output>
          </reporter-output>
        </test-method> <!-- runScenario -->
        <test-method signature="runScenario(io.cucumber.testng.PickleWrapper,io.cucumber.testng.FeatureWrapper)[pri:0, instance:runner.Test_Runner@192d74fb]" started-at="2024-03-08T00:03:09 EST" name="runScenario" description="Runs Cucumber Scenarios" data-provider="scenarios" finished-at="2024-03-08T00:03:09 EST" duration-ms="41" status="PASS">
          <params>
            <param index="0">
              <value>
                <![CDATA["This test is to check if the user tries to click other than the register button"]]>
              </value>
            </param>
            <param index="1">
              <value>
                <![CDATA["Getting started to DS_Algo Portal"]]>
              </value>
            </param>
          </params>
          <reporter-output>
          </reporter-output>
        </test-method> <!-- runScenario -->
        <test-method signature="runScenario(io.cucumber.testng.PickleWrapper,io.cucumber.testng.FeatureWrapper)[pri:0, instance:runner.Test_Runner@192d74fb]" started-at="2024-03-08T00:03:09 EST" name="runScenario" description="Runs Cucumber Scenarios" data-provider="scenarios" finished-at="2024-03-08T00:03:09 EST" duration-ms="287" status="PASS">
          <params>
            <param index="0">
              <value>
                <![CDATA["This test is to verify the registration page"]]>
              </value>
            </param>
            <param index="1">
              <value>
                <![CDATA["Registration process of the user"]]>
              </value>
            </param>
          </params>
          <reporter-output>
          </reporter-output>
        </test-method> <!-- runScenario -->
        <test-method signature="runScenario(io.cucumber.testng.PickleWrapper,io.cucumber.testng.FeatureWrapper)[pri:0, instance:runner.Test_Runner@192d74fb]" started-at="2024-03-08T00:03:09 EST" name="runScenario" description="Runs Cucumber Scenarios" data-provider="scenarios" finished-at="2024-03-08T00:03:09 EST" duration-ms="157" status="PASS">
          <params>
            <param index="0">
              <value>
                <![CDATA["The user tries to Register"]]>
              </value>
            </param>
            <param index="1">
              <value>
                <![CDATA["Registration process of the user"]]>
              </value>
            </param>
          </params>
          <reporter-output>
          </reporter-output>
        </test-method> <!-- runScenario -->
        <test-method signature="runScenario(io.cucumber.testng.PickleWrapper,io.cucumber.testng.FeatureWrapper)[pri:0, instance:runner.Test_Runner@192d74fb]" started-at="2024-03-08T00:03:09 EST" name="runScenario" description="Runs Cucumber Scenarios" data-provider="scenarios" finished-at="2024-03-08T00:03:09 EST" duration-ms="238" status="PASS">
          <params>
            <param index="0">
              <value>
                <![CDATA["The user tries to Register"]]>
              </value>
            </param>
            <param index="1">
              <value>
                <![CDATA["Registration process of the user"]]>
              </value>
            </param>
          </params>
          <reporter-output>
          </reporter-output>
        </test-method> <!-- runScenario -->
        <test-method signature="runScenario(io.cucumber.testng.PickleWrapper,io.cucumber.testng.FeatureWrapper)[pri:0, instance:runner.Test_Runner@192d74fb]" started-at="2024-03-08T00:03:09 EST" name="runScenario" description="Runs Cucumber Scenarios" data-provider="scenarios" finished-at="2024-03-08T00:03:10 EST" duration-ms="326" status="PASS">
          <params>
            <param index="0">
              <value>
                <![CDATA["The user tries to Register"]]>
              </value>
            </param>
            <param index="1">
              <value>
                <![CDATA["Registration process of the user"]]>
              </value>
            </param>
          </params>
          <reporter-output>
          </reporter-output>
        </test-method> <!-- runScenario -->
        <test-method signature="runScenario(io.cucumber.testng.PickleWrapper,io.cucumber.testng.FeatureWrapper)[pri:0, instance:runner.Test_Runner@192d74fb]" started-at="2024-03-08T00:03:10 EST" name="runScenario" description="Runs Cucumber Scenarios" data-provider="scenarios" finished-at="2024-03-08T00:03:10 EST" duration-ms="257" status="PASS">
          <params>
            <param index="0">
              <value>
                <![CDATA["The user tries to Register"]]>
              </value>
            </param>
            <param index="1">
              <value>
                <![CDATA["Registration process of the user"]]>
              </value>
            </param>
          </params>
          <reporter-output>
          </reporter-output>
        </test-method> <!-- runScenario -->
        <test-method signature="runScenario(io.cucumber.testng.PickleWrapper,io.cucumber.testng.FeatureWrapper)[pri:0, instance:runner.Test_Runner@192d74fb]" started-at="2024-03-08T00:03:10 EST" name="runScenario" description="Runs Cucumber Scenarios" data-provider="scenarios" finished-at="2024-03-08T00:03:10 EST" duration-ms="121" status="PASS">
          <params>
            <param index="0">
              <value>
                <![CDATA["The user tries to Register"]]>
              </value>
            </param>
            <param index="1">
              <value>
                <![CDATA["Registration process of the user"]]>
              </value>
            </param>
          </params>
          <reporter-output>
          </reporter-output>
        </test-method> <!-- runScenario -->
        <test-method signature="runScenario(io.cucumber.testng.PickleWrapper,io.cucumber.testng.FeatureWrapper)[pri:0, instance:runner.Test_Runner@192d74fb]" started-at="2024-03-08T00:03:10 EST" name="runScenario" description="Runs Cucumber Scenarios" data-provider="scenarios" finished-at="2024-03-08T00:03:10 EST" duration-ms="147" status="PASS">
          <params>
            <param index="0">
              <value>
                <![CDATA["The user tries to Register"]]>
              </value>
            </param>
            <param index="1">
              <value>
                <![CDATA["Registration process of the user"]]>
              </value>
            </param>
          </params>
          <reporter-output>
          </reporter-output>
        </test-method> <!-- runScenario -->
        <test-method signature="runScenario(io.cucumber.testng.PickleWrapper,io.cucumber.testng.FeatureWrapper)[pri:0, instance:runner.Test_Runner@192d74fb]" started-at="2024-03-08T00:03:10 EST" name="runScenario" description="Runs Cucumber Scenarios" data-provider="scenarios" finished-at="2024-03-08T00:03:11 EST" duration-ms="534" status="PASS">
          <params>
            <param index="0">
              <value>
                <![CDATA["The user tries to Register"]]>
              </value>
            </param>
            <param index="1">
              <value>
                <![CDATA["Registration process of the user"]]>
              </value>
            </param>
          </params>
          <reporter-output>
          </reporter-output>
        </test-method> <!-- runScenario -->
        <test-method signature="runScenario(io.cucumber.testng.PickleWrapper,io.cucumber.testng.FeatureWrapper)[pri:0, instance:runner.Test_Runner@192d74fb]" started-at="2024-03-08T00:03:11 EST" name="runScenario" description="Runs Cucumber Scenarios" data-provider="scenarios" finished-at="2024-03-08T00:03:11 EST" duration-ms="262" status="PASS">
          <params>
            <param index="0">
              <value>
                <![CDATA["The user tries to Register"]]>
              </value>
            </param>
            <param index="1">
              <value>
                <![CDATA["Registration process of the user"]]>
              </value>
            </param>
          </params>
          <reporter-output>
          </reporter-output>
        </test-method> <!-- runScenario -->
        <test-method signature="runScenario(io.cucumber.testng.PickleWrapper,io.cucumber.testng.FeatureWrapper)[pri:0, instance:runner.Test_Runner@192d74fb]" started-at="2024-03-08T00:03:11 EST" name="runScenario" description="Runs Cucumber Scenarios" data-provider="scenarios" finished-at="2024-03-08T00:03:11 EST" duration-ms="260" status="PASS">
          <params>
            <param index="0">
              <value>
                <![CDATA["DS_Algo introduction page"]]>
              </value>
            </param>
            <param index="1">
              <value>
                <![CDATA["Getting Started to Signin DS_Algo Portal"]]>
              </value>
            </param>
          </params>
          <reporter-output>
          </reporter-output>
        </test-method> <!-- runScenario -->
        <test-method signature="runScenario(io.cucumber.testng.PickleWrapper,io.cucumber.testng.FeatureWrapper)[pri:0, instance:runner.Test_Runner@192d74fb]" started-at="2024-03-08T00:03:11 EST" name="runScenario" description="Runs Cucumber Scenarios" data-provider="scenarios" finished-at="2024-03-08T00:03:11 EST" duration-ms="97" status="PASS">
          <params>
            <param index="0">
              <value>
                <![CDATA["DS_Algo signin page"]]>
              </value>
            </param>
            <param index="1">
              <value>
                <![CDATA["Getting Started to Signin DS_Algo Portal"]]>
              </value>
            </param>
          </params>
          <reporter-output>
          </reporter-output>
        </test-method> <!-- runScenario -->
        <test-method signature="runScenario(io.cucumber.testng.PickleWrapper,io.cucumber.testng.FeatureWrapper)[pri:0, instance:runner.Test_Runner@192d74fb]" started-at="2024-03-08T00:03:11 EST" name="runScenario" description="Runs Cucumber Scenarios" data-provider="scenarios" finished-at="2024-03-08T00:03:13 EST" duration-ms="1220" status="PASS">
          <params>
            <param index="0">
              <value>
                <![CDATA["DS_Algo signin page"]]>
              </value>
            </param>
            <param index="1">
              <value>
                <![CDATA["Getting Started to Signin DS_Algo Portal"]]>
              </value>
            </param>
          </params>
          <reporter-output>
          </reporter-output>
        </test-method> <!-- runScenario -->
        <test-method signature="runScenario(io.cucumber.testng.PickleWrapper,io.cucumber.testng.FeatureWrapper)[pri:0, instance:runner.Test_Runner@192d74fb]" started-at="2024-03-08T00:03:13 EST" name="runScenario" description="Runs Cucumber Scenarios" data-provider="scenarios" finished-at="2024-03-08T00:03:15 EST" duration-ms="1953" status="PASS">
          <params>
            <param index="0">
              <value>
                <![CDATA["Home Page"]]>
              </value>
            </param>
            <param index="1">
              <value>
                <![CDATA["Data Structure Home page"]]>
              </value>
            </param>
          </params>
          <reporter-output>
          </reporter-output>
        </test-method> <!-- runScenario -->
        <test-method signature="runScenario(io.cucumber.testng.PickleWrapper,io.cucumber.testng.FeatureWrapper)[pri:0, instance:runner.Test_Runner@192d74fb]" started-at="2024-03-08T00:03:15 EST" name="runScenario" description="Runs Cucumber Scenarios" data-provider="scenarios" finished-at="2024-03-08T00:03:16 EST" duration-ms="1390" status="PASS">
          <params>
            <param index="0">
              <value>
                <![CDATA[""]]>
              </value>
            </param>
            <param index="1">
              <value>
                <![CDATA["Data Structure Home page"]]>
              </value>
            </param>
          </params>
          <reporter-output>
          </reporter-output>
        </test-method> <!-- runScenario -->
        <test-method signature="runScenario(io.cucumber.testng.PickleWrapper,io.cucumber.testng.FeatureWrapper)[pri:0, instance:runner.Test_Runner@192d74fb]" started-at="2024-03-08T00:03:16 EST" name="runScenario" description="Runs Cucumber Scenarios" data-provider="scenarios" finished-at="2024-03-08T00:03:17 EST" duration-ms="1342" status="PASS">
          <params>
            <param index="0">
              <value>
                <![CDATA["Python editor"]]>
              </value>
            </param>
            <param index="1">
              <value>
                <![CDATA["Data Structure Home page"]]>
              </value>
            </param>
          </params>
          <reporter-output>
          </reporter-output>
        </test-method> <!-- runScenario -->
        <test-method signature="runScenario(io.cucumber.testng.PickleWrapper,io.cucumber.testng.FeatureWrapper)[pri:0, instance:runner.Test_Runner@192d74fb]" started-at="2024-03-08T00:03:17 EST" name="runScenario" description="Runs Cucumber Scenarios" data-provider="scenarios" finished-at="2024-03-08T00:03:19 EST" duration-ms="1399" status="PASS">
          <params>
            <param index="0">
              <value>
                <![CDATA["getting started to graph page"]]>
              </value>
            </param>
            <param index="1">
              <value>
                <![CDATA["data structure home page"]]>
              </value>
            </param>
          </params>
          <reporter-output>
          </reporter-output>
        </test-method> <!-- runScenario -->
        <test-method signature="runScenario(io.cucumber.testng.PickleWrapper,io.cucumber.testng.FeatureWrapper)[pri:0, instance:runner.Test_Runner@192d74fb]" started-at="2024-03-08T00:03:19 EST" name="runScenario" description="Runs Cucumber Scenarios" data-provider="scenarios" finished-at="2024-03-08T00:03:20 EST" duration-ms="1454" status="PASS">
          <params>
            <param index="0">
              <value>
                <![CDATA["inspecting another topic in queue"]]>
              </value>
            </param>
            <param index="1">
              <value>
                <![CDATA["data structure home page"]]>
              </value>
            </param>
          </params>
          <reporter-output>
          </reporter-output>
        </test-method> <!-- runScenario -->
        <test-method signature="runScenario(io.cucumber.testng.PickleWrapper,io.cucumber.testng.FeatureWrapper)[pri:0, instance:runner.Test_Runner@192d74fb]" started-at="2024-03-08T00:03:20 EST" name="runScenario" description="Runs Cucumber Scenarios" data-provider="scenarios" finished-at="2024-03-08T00:03:22 EST" duration-ms="1377" status="PASS">
          <params>
            <param index="0">
              <value>
                <![CDATA["practice Questions"]]>
              </value>
            </param>
            <param index="1">
              <value>
                <![CDATA["data structure home page"]]>
              </value>
            </param>
          </params>
          <reporter-output>
          </reporter-output>
        </test-method> <!-- runScenario -->
        <test-method signature="runScenario(io.cucumber.testng.PickleWrapper,io.cucumber.testng.FeatureWrapper)[pri:0, instance:runner.Test_Runner@192d74fb]" started-at="2024-03-08T00:03:22 EST" name="runScenario" description="Runs Cucumber Scenarios" data-provider="scenarios" finished-at="2024-03-08T00:03:23 EST" duration-ms="1458" status="PASS">
          <params>
            <param index="0">
              <value>
                <![CDATA["Clicking the get started in Queue"]]>
              </value>
            </param>
            <param index="1">
              <value>
                <![CDATA["Data Structure Home page"]]>
              </value>
            </param>
          </params>
          <reporter-output>
          </reporter-output>
        </test-method> <!-- runScenario -->
        <test-method signature="runScenario(io.cucumber.testng.PickleWrapper,io.cucumber.testng.FeatureWrapper)[pri:0, instance:runner.Test_Runner@192d74fb]" started-at="2024-03-08T00:03:23 EST" name="runScenario" description="Runs Cucumber Scenarios" data-provider="scenarios" finished-at="2024-03-08T00:03:24 EST" duration-ms="1410" status="PASS">
          <params>
            <param index="0">
              <value>
                <![CDATA["Gettin started in Queue with other topic"]]>
              </value>
            </param>
            <param index="1">
              <value>
                <![CDATA["Data Structure Home page"]]>
              </value>
            </param>
          </params>
          <reporter-output>
          </reporter-output>
        </test-method> <!-- runScenario -->
        <test-method signature="runScenario(io.cucumber.testng.PickleWrapper,io.cucumber.testng.FeatureWrapper)[pri:0, instance:runner.Test_Runner@192d74fb]" started-at="2024-03-08T00:03:24 EST" name="runScenario" description="Runs Cucumber Scenarios" data-provider="scenarios" finished-at="2024-03-08T00:03:26 EST" duration-ms="1381" status="PASS">
          <params>
            <param index="0">
              <value>
                <![CDATA["Queue invalid passing code"]]>
              </value>
            </param>
            <param index="1">
              <value>
                <![CDATA["Data Structure Home page"]]>
              </value>
            </param>
          </params>
          <reporter-output>
          </reporter-output>
        </test-method> <!-- runScenario -->
        <test-method signature="runScenario(io.cucumber.testng.PickleWrapper,io.cucumber.testng.FeatureWrapper)[pri:0, instance:runner.Test_Runner@192d74fb]" started-at="2024-03-08T00:03:26 EST" name="runScenario" description="Runs Cucumber Scenarios" data-provider="scenarios" finished-at="2024-03-08T00:03:27 EST" duration-ms="1565" status="PASS">
          <params>
            <param index="0">
              <value>
                <![CDATA["Getting started in Queue"]]>
              </value>
            </param>
            <param index="1">
              <value>
                <![CDATA["Data Structure Home page"]]>
              </value>
            </param>
          </params>
          <reporter-output>
          </reporter-output>
        </test-method> <!-- runScenario -->
        <test-method signature="runScenario(io.cucumber.testng.PickleWrapper,io.cucumber.testng.FeatureWrapper)[pri:0, instance:runner.Test_Runner@192d74fb]" started-at="2024-03-08T00:03:27 EST" name="runScenario" description="Runs Cucumber Scenarios" data-provider="scenarios" finished-at="2024-03-08T00:03:29 EST" duration-ms="1370" status="PASS">
          <params>
            <param index="0">
              <value>
                <![CDATA["Getting started in Queue with another topic"]]>
              </value>
            </param>
            <param index="1">
              <value>
                <![CDATA["Data Structure Home page"]]>
              </value>
            </param>
          </params>
          <reporter-output>
          </reporter-output>
        </test-method> <!-- runScenario -->
        <test-method signature="runScenario(io.cucumber.testng.PickleWrapper,io.cucumber.testng.FeatureWrapper)[pri:0, instance:runner.Test_Runner@192d74fb]" started-at="2024-03-08T00:03:29 EST" name="runScenario" description="Runs Cucumber Scenarios" data-provider="scenarios" finished-at="2024-03-08T00:03:30 EST" duration-ms="1325" status="PASS">
          <params>
            <param index="0">
              <value>
                <![CDATA["Practice Question Paper"]]>
              </value>
            </param>
            <param index="1">
              <value>
                <![CDATA["Data Structure Home page"]]>
              </value>
            </param>
          </params>
          <reporter-output>
          </reporter-output>
        </test-method> <!-- runScenario -->
        <test-method is-config="true" signature="tearDownClass()[pri:0, instance:runner.Test_Runner@192d74fb]" started-at="2024-03-08T00:03:30 EST" name="tearDownClass" finished-at="2024-03-08T00:03:31 EST" duration-ms="399" status="PASS">
          <reporter-output>
          </reporter-output>
        </test-method> <!-- tearDownClass -->
      </class> <!-- runner.Test_Runner -->
    </test> <!-- Default test -->
  </suite> <!-- Default suite -->
</testng-results>
